mode: atomic
github.com/aliwatters/go-course-02/chp04/ex4.6/ex4.6.go:9.43,13.42 3 7
github.com/aliwatters/go-course-02/chp04/ex4.6/ex4.6.go:31.2,31.12 1 7
github.com/aliwatters/go-course-02/chp04/ex4.6/ex4.6.go:13.42,16.20 2 108
github.com/aliwatters/go-course-02/chp04/ex4.6/ex4.6.go:16.20,18.26 2 55
github.com/aliwatters/go-course-02/chp04/ex4.6/ex4.6.go:27.4,27.13 1 55
github.com/aliwatters/go-course-02/chp04/ex4.6/ex4.6.go:18.26,19.29 1 29
github.com/aliwatters/go-course-02/chp04/ex4.6/ex4.6.go:19.29,22.6 2 11
github.com/aliwatters/go-course-02/chp04/ex4.6/ex4.6.go:23.5,26.5 2 26
github.com/aliwatters/go-course-02/chp04/ex4.6/ex4.6.go:34.13,36.2 0 0
